<?xml version="1.0" encoding="UTF-8"?>
<testng-results ignored="0" total="2" passed="2" failed="0" skipped="0">
  <reporter-output>
  </reporter-output>
  <suite started-at="2023-12-06T16:50:15 EST" name="Regression" finished-at="2023-12-06T16:50:24 EST" duration-ms="9161">
    <groups>
      <group name="cucumber">
        <method signature="AbstractTestNGCucumberTests.runScenario(io.cucumber.testng.PickleWrapper,io.cucumber.testng.FeatureWrapper)[pri:0, instance:testRunnerTest4.TestRunnerTest4@6aeb35e6]" name="runScenario" class="io.cucumber.testng.AbstractTestNGCucumberTests"/>
      </group> <!-- cucumber -->
    </groups>
    <test started-at="2023-12-06T16:50:15 EST" name="Test" finished-at="2023-12-06T16:50:24 EST" duration-ms="9161">
      <class name="testRunnerTest4.TestRunnerTest4">
        <test-method is-config="true" signature="setup()[pri:0, instance:testRunnerTest4.TestRunnerTest4@6aeb35e6]" started-at="2023-12-06T16:50:15 EST" name="setup" finished-at="2023-12-06T16:50:16 EST" duration-ms="1458" status="PASS">
          <reporter-output>
          </reporter-output>
        </test-method> <!-- setup -->
        <test-method is-config="true" signature="setUpClass(org.testng.ITestContext)[pri:0, instance:testRunnerTest4.TestRunnerTest4@6aeb35e6]" started-at="2023-12-06T16:50:16 EST" name="setUpClass" finished-at="2023-12-06T16:50:17 EST" duration-ms="411" status="PASS">
          <params>
            <param index="0">
              <value>
                <![CDATA[org.testng.TestRunner@22a6d75c]]>
              </value>
            </param>
          </params>
          <reporter-output>
          </reporter-output>
        </test-method> <!-- setUpClass -->
        <test-method signature="runScenario(io.cucumber.testng.PickleWrapper,io.cucumber.testng.FeatureWrapper)[pri:0, instance:testRunnerTest4.TestRunnerTest4@6aeb35e6]" started-at="2023-12-06T16:50:17 EST" name="runScenario" description="Runs Cucumber Scenarios" data-provider="scenarios" finished-at="2023-12-06T16:50:17 EST" duration-ms="605" status="PASS">
          <params>
            <param index="0">
              <value>
                <![CDATA["In order to verify login to DemoBlaze"]]>
              </value>
            </param>
            <param index="1">
              <value>
                <![CDATA["Login"]]>
              </value>
            </param>
          </params>
          <reporter-output>
          </reporter-output>
        </test-method> <!-- runScenario -->
        <test-method signature="runScenario(io.cucumber.testng.PickleWrapper,io.cucumber.testng.FeatureWrapper)[pri:0, instance:testRunnerTest4.TestRunnerTest4@6aeb35e6]" started-at="2023-12-06T16:50:17 EST" name="runScenario" description="Runs Cucumber Scenarios" data-provider="scenarios" finished-at="2023-12-06T16:50:18 EST" duration-ms="111" status="PASS">
          <params>
            <param index="0">
              <value>
                <![CDATA["In order to verify login to DemoBlaze"]]>
              </value>
            </param>
            <param index="1">
              <value>
                <![CDATA["Login"]]>
              </value>
            </param>
          </params>
          <reporter-output>
          </reporter-output>
        </test-method> <!-- runScenario -->
        <test-method is-config="true" signature="tearDownClass()[pri:0, instance:testRunnerTest4.TestRunnerTest4@6aeb35e6]" started-at="2023-12-06T16:50:18 EST" name="tearDownClass" finished-at="2023-12-06T16:50:19 EST" duration-ms="1359" status="PASS">
          <reporter-output>
          </reporter-output>
        </test-method> <!-- tearDownClass -->
        <test-method is-config="true" signature="closerURL()[pri:0, instance:testRunnerTest4.TestRunnerTest4@6aeb35e6]" started-at="2023-12-06T16:50:19 EST" name="closerURL" finished-at="2023-12-06T16:50:24 EST" duration-ms="5176" status="PASS">
          <reporter-output>
          </reporter-output>
        </test-method> <!-- closerURL -->
      </class> <!-- testRunnerTest4.TestRunnerTest4 -->
    </test> <!-- Test -->
  </suite> <!-- Regression -->
</testng-results>
